  Map.cpp
  bullet.cpp
  enemy.cpp
C:\Users\kso00\OneDrive\바탕 화면\학교\윈플\windowsPrograming\WinPorj_Inversus\WinPorj_Inversus\enemy.cpp(23,15): warning C4244: '인수': 'time_t'에서 'unsigned int'(으)로 변환하면서 데이터가 손실될 수 있습니다.
C:\Users\kso00\OneDrive\바탕 화면\학교\윈플\windowsPrograming\WinPorj_Inversus\WinPorj_Inversus\enemy.cpp(35,24): warning C4101: 'h2Brush' :참조되지 않은 지역 변수입니다.
C:\Users\kso00\OneDrive\바탕 화면\학교\윈플\windowsPrograming\WinPorj_Inversus\WinPorj_Inversus\enemy.cpp(88,16): warning C4101: 'moveY' :참조되지 않은 지역 변수입니다.
C:\Users\kso00\OneDrive\바탕 화면\학교\윈플\windowsPrograming\WinPorj_Inversus\WinPorj_Inversus\enemy.cpp(88,9): warning C4101: 'moveX' :참조되지 않은 지역 변수입니다.
  enemy.h
  main.cpp
C:\Users\kso00\OneDrive\바탕 화면\학교\윈플\windowsPrograming\WinPorj_Inversus\WinPorj_Inversus\main.cpp(1,1): warning C4828: 파일에 0x6f2a 오프셋에서 시작하는 문자가 포함되어 있습니다. 이 문자는 현재 원본 문자 집합에서 잘못된 문자입니다(코드 페이지 949).
C:\Users\kso00\OneDrive\바탕 화면\학교\윈플\windowsPrograming\WinPorj_Inversus\WinPorj_Inversus\main.cpp(62,19): warning C4244: 'return': 'WPARAM'에서 'int'(으)로 변환하면서 데이터가 손실될 수 있습니다.
C:\Users\kso00\OneDrive\바탕 화면\학교\윈플\windowsPrograming\WinPorj_Inversus\WinPorj_Inversus\main.cpp(72,10): warning C4101: 'hPen' :참조되지 않은 지역 변수입니다.
C:\Users\kso00\OneDrive\바탕 화면\학교\윈플\windowsPrograming\WinPorj_Inversus\WinPorj_Inversus\main.cpp(110,16): warning C4101: 'info' :참조되지 않은 지역 변수입니다.
C:\Users\kso00\OneDrive\바탕 화면\학교\윈플\windowsPrograming\WinPorj_Inversus\WinPorj_Inversus\main.cpp(114,9): warning C4101: 'tempObj' :참조되지 않은 지역 변수입니다.
C:\Users\kso00\OneDrive\바탕 화면\학교\윈플\windowsPrograming\WinPorj_Inversus\WinPorj_Inversus\main.cpp(72,16): warning C4101: 'oldPen' :참조되지 않은 지역 변수입니다.
  object.cpp
  object.h
  player.cpp
C:\Users\kso00\OneDrive\바탕 화면\학교\윈플\windowsPrograming\WinPorj_Inversus\WinPorj_Inversus\player.cpp(111,36): warning C4838: 'double'에서 'LONG'(으)로의 변환에는 축소 변환이 필요합니다.
C:\Users\kso00\OneDrive\바탕 화면\학교\윈플\windowsPrograming\WinPorj_Inversus\WinPorj_Inversus\player.cpp(111,36): warning C4244: '초기화 중': 'double'에서 'LONG'(으)로 변환하면서 데이터가 손실될 수 있습니다.
C:\Users\kso00\OneDrive\바탕 화면\학교\윈플\windowsPrograming\WinPorj_Inversus\WinPorj_Inversus\player.cpp(112,35): warning C4838: 'double'에서 'LONG'(으)로의 변환에는 축소 변환이 필요합니다.
C:\Users\kso00\OneDrive\바탕 화면\학교\윈플\windowsPrograming\WinPorj_Inversus\WinPorj_Inversus\player.cpp(112,35): warning C4244: '초기화 중': 'double'에서 'LONG'(으)로 변환하면서 데이터가 손실될 수 있습니다.
C:\Users\kso00\OneDrive\바탕 화면\학교\윈플\windowsPrograming\WinPorj_Inversus\WinPorj_Inversus\player.cpp(113,37): warning C4838: 'double'에서 'LONG'(으)로의 변환에는 축소 변환이 필요합니다.
C:\Users\kso00\OneDrive\바탕 화면\학교\윈플\windowsPrograming\WinPorj_Inversus\WinPorj_Inversus\player.cpp(113,37): warning C4244: '초기화 중': 'double'에서 'LONG'(으)로 변환하면서 데이터가 손실될 수 있습니다.
C:\Users\kso00\OneDrive\바탕 화면\학교\윈플\windowsPrograming\WinPorj_Inversus\WinPorj_Inversus\player.cpp(114,38): warning C4838: 'double'에서 'LONG'(으)로의 변환에는 축소 변환이 필요합니다.
C:\Users\kso00\OneDrive\바탕 화면\학교\윈플\windowsPrograming\WinPorj_Inversus\WinPorj_Inversus\player.cpp(114,38): warning C4244: '초기화 중': 'double'에서 'LONG'(으)로 변환하면서 데이터가 손실될 수 있습니다.
  player.h
  코드를 생성하고 있습니다...
C:\Users\kso00\OneDrive\바탕 화면\학교\윈플\windowsPrograming\WinPorj_Inversus\WinPorj_Inversus\Map.cpp(151): warning C4715: 'Map::get_col': 모든 제어 경로에서 값을 반환하지는 않습니다.
x64\Debug\enemy.obj : warning LNK4042: 개체가 두 번 이상 지정되었습니다. 나머지는 무시됩니다.
x64\Debug\object.obj : warning LNK4042: 개체가 두 번 이상 지정되었습니다. 나머지는 무시됩니다.
x64\Debug\player.obj : warning LNK4042: 개체가 두 번 이상 지정되었습니다. 나머지는 무시됩니다.
  WinPorj_Inversus.vcxproj -> C:\Users\kso00\OneDrive\바탕 화면\학교\윈플\windowsPrograming\WinPorj_Inversus\x64\Debug\WinPorj_Inversus.exe
