  Prob5-3.c
C:\Users\kso00\Desktop\22년 1학기\윈플\windowsPrograming\Win_Proj_Ch_5\Prob5-3\Prob5-3.c(72,19): warning C4244: 'return': 'WPARAM'에서 'int'(으)로 변환하면서 데이터가 손실될 수 있습니다.
C:\Users\kso00\Desktop\22년 1학기\윈플\windowsPrograming\Win_Proj_Ch_5\Prob5-3\Prob5-3.c(281,37): warning C4244: '=': 'double'에서 'int'(으)로 변환하면서 데이터가 손실될 수 있습니다.
C:\Users\kso00\Desktop\22년 1학기\윈플\windowsPrograming\Win_Proj_Ch_5\Prob5-3\Prob5-3.c(286,37): warning C4244: '=': 'double'에서 'int'(으)로 변환하면서 데이터가 손실될 수 있습니다.
C:\Users\kso00\Desktop\22년 1학기\윈플\windowsPrograming\Win_Proj_Ch_5\Prob5-3\Prob5-3.c(305,25): warning C4244: '초기화 중': 'double'에서 'LONG'(으)로 변환하면서 데이터가 손실될 수 있습니다.
C:\Users\kso00\Desktop\22년 1학기\윈플\windowsPrograming\Win_Proj_Ch_5\Prob5-3\Prob5-3.c(305,29): warning C4244: '초기화 중': 'double'에서 'LONG'(으)로 변환하면서 데이터가 손실될 수 있습니다.
C:\Users\kso00\Desktop\22년 1학기\윈플\windowsPrograming\Win_Proj_Ch_5\Prob5-3\Prob5-3.c(313,25): warning C4244: '초기화 중': 'double'에서 'LONG'(으)로 변환하면서 데이터가 손실될 수 있습니다.
C:\Users\kso00\Desktop\22년 1학기\윈플\windowsPrograming\Win_Proj_Ch_5\Prob5-3\Prob5-3.c(313,29): warning C4244: '초기화 중': 'double'에서 'LONG'(으)로 변환하면서 데이터가 손실될 수 있습니다.
C:\Users\kso00\Desktop\22년 1학기\윈플\windowsPrograming\Win_Proj_Ch_5\Prob5-3\Prob5-3.c(317,45): warning C4244: '=': 'double'에서 'LONG'(으)로 변환하면서 데이터가 손실될 수 있습니다.
C:\Users\kso00\Desktop\22년 1학기\윈플\windowsPrograming\Win_Proj_Ch_5\Prob5-3\Prob5-3.c(318,46): warning C4244: '=': 'double'에서 'LONG'(으)로 변환하면서 데이터가 손실될 수 있습니다.
C:\Users\kso00\Desktop\22년 1학기\윈플\windowsPrograming\Win_Proj_Ch_5\Prob5-3\Prob5-3.c(321,27): warning C4244: '=': 'double'에서 'LONG'(으)로 변환하면서 데이터가 손실될 수 있습니다.
C:\Users\kso00\Desktop\22년 1학기\윈플\windowsPrograming\Win_Proj_Ch_5\Prob5-3\Prob5-3.c(322,27): warning C4244: '=': 'double'에서 'LONG'(으)로 변환하면서 데이터가 손실될 수 있습니다.
C:\Users\kso00\Desktop\22년 1학기\윈플\windowsPrograming\Win_Proj_Ch_5\Prob5-3\Prob5-3.c(341,28): warning C4244: '초기화 중': 'double'에서 'LONG'(으)로 변환하면서 데이터가 손실될 수 있습니다.
C:\Users\kso00\Desktop\22년 1학기\윈플\windowsPrograming\Win_Proj_Ch_5\Prob5-3\Prob5-3.c(341,32): warning C4244: '초기화 중': 'double'에서 'LONG'(으)로 변환하면서 데이터가 손실될 수 있습니다.
C:\Users\kso00\Desktop\22년 1학기\윈플\windowsPrograming\Win_Proj_Ch_5\Prob5-3\Prob5-3.c(351,39): warning C4244: '=': 'double'에서 'LONG'(으)로 변환하면서 데이터가 손실될 수 있습니다.
C:\Users\kso00\Desktop\22년 1학기\윈플\windowsPrograming\Win_Proj_Ch_5\Prob5-3\Prob5-3.c(352,39): warning C4244: '=': 'double'에서 'LONG'(으)로 변환하면서 데이터가 손실될 수 있습니다.
C:\Users\kso00\Desktop\22년 1학기\윈플\windowsPrograming\Win_Proj_Ch_5\Prob5-3\Prob5-3.c(392,82): warning C4244: '함수': 'double'에서 'int'(으)로 변환하면서 데이터가 손실될 수 있습니다.
C:\Users\kso00\Desktop\22년 1학기\윈플\windowsPrograming\Win_Proj_Ch_5\Prob5-3\Prob5-3.c(392,95): warning C4244: '함수': 'double'에서 'int'(으)로 변환하면서 데이터가 손실될 수 있습니다.
C:\Users\kso00\Desktop\22년 1학기\윈플\windowsPrograming\Win_Proj_Ch_5\Prob5-3\Prob5-3.c(398,72): warning C4244: '함수': 'double'에서 'int'(으)로 변환하면서 데이터가 손실될 수 있습니다.
C:\Users\kso00\Desktop\22년 1학기\윈플\windowsPrograming\Win_Proj_Ch_5\Prob5-3\Prob5-3.c(398,86): warning C4244: '함수': 'double'에서 'int'(으)로 변환하면서 데이터가 손실될 수 있습니다.
C:\Users\kso00\Desktop\22년 1학기\윈플\windowsPrograming\Win_Proj_Ch_5\Prob5-3\Prob5-3.c(401,52): warning C4244: '함수': 'double'에서 'int'(으)로 변환하면서 데이터가 손실될 수 있습니다.
C:\Users\kso00\Desktop\22년 1학기\윈플\windowsPrograming\Win_Proj_Ch_5\Prob5-3\Prob5-3.c(401,69): warning C4244: '함수': 'double'에서 'int'(으)로 변환하면서 데이터가 손실될 수 있습니다.
C:\Users\kso00\Desktop\22년 1학기\윈플\windowsPrograming\Win_Proj_Ch_5\Prob5-3\Prob5-3.c(403,40): warning C4244: '함수': 'double'에서 'int'(으)로 변환하면서 데이터가 손실될 수 있습니다.
C:\Users\kso00\Desktop\22년 1학기\윈플\windowsPrograming\Win_Proj_Ch_5\Prob5-3\Prob5-3.c(403,65): warning C4244: '함수': 'double'에서 'int'(으)로 변환하면서 데이터가 손실될 수 있습니다.
C:\Users\kso00\Desktop\22년 1학기\윈플\windowsPrograming\Win_Proj_Ch_5\Prob5-3\Prob5-3.c(404,46): warning C4244: '함수': 'double'에서 'int'(으)로 변환하면서 데이터가 손실될 수 있습니다.
C:\Users\kso00\Desktop\22년 1학기\윈플\windowsPrograming\Win_Proj_Ch_5\Prob5-3\Prob5-3.c(404,66): warning C4244: '함수': 'double'에서 'int'(으)로 변환하면서 데이터가 손실될 수 있습니다.
C:\Users\kso00\Desktop\22년 1학기\윈플\windowsPrograming\Win_Proj_Ch_5\Prob5-3\Prob5-3.c(404,83): warning C4244: '함수': 'double'에서 'int'(으)로 변환하면서 데이터가 손실될 수 있습니다.
C:\Users\kso00\Desktop\22년 1학기\윈플\windowsPrograming\Win_Proj_Ch_5\Prob5-3\Prob5-3.c(406,40): warning C4244: '함수': 'double'에서 'int'(으)로 변환하면서 데이터가 손실될 수 있습니다.
C:\Users\kso00\Desktop\22년 1학기\윈플\windowsPrograming\Win_Proj_Ch_5\Prob5-3\Prob5-3.c(406,65): warning C4244: '함수': 'double'에서 'int'(으)로 변환하면서 데이터가 손실될 수 있습니다.
C:\Users\kso00\Desktop\22년 1학기\윈플\windowsPrograming\Win_Proj_Ch_5\Prob5-3\Prob5-3.c(410,82): warning C4244: '함수': 'double'에서 'int'(으)로 변환하면서 데이터가 손실될 수 있습니다.
C:\Users\kso00\Desktop\22년 1학기\윈플\windowsPrograming\Win_Proj_Ch_5\Prob5-3\Prob5-3.c(410,99): warning C4244: '함수': 'double'에서 'int'(으)로 변환하면서 데이터가 손실될 수 있습니다.
C:\Users\kso00\Desktop\22년 1학기\윈플\windowsPrograming\Win_Proj_Ch_5\Prob5-3\Prob5-3.c(414,53): warning C4244: '=': 'double'에서 'LONG'(으)로 변환하면서 데이터가 손실될 수 있습니다.
C:\Users\kso00\Desktop\22년 1학기\윈플\windowsPrograming\Win_Proj_Ch_5\Prob5-3\Prob5-3.c(415,54): warning C4244: '=': 'double'에서 'LONG'(으)로 변환하면서 데이터가 손실될 수 있습니다.
C:\Users\kso00\Desktop\22년 1학기\윈플\windowsPrograming\Win_Proj_Ch_5\Prob5-3\Prob5-3.c(416,87): warning C4133: '함수': 'HPEN'과(와) 'HBRUSH' 사이의 형식이 호환되지 않습니다.
C:\Users\kso00\Desktop\22년 1학기\윈플\windowsPrograming\Win_Proj_Ch_5\Prob5-3\Prob5-3.c(420,56): warning C4244: '함수': 'double'에서 'int'(으)로 변환하면서 데이터가 손실될 수 있습니다.
C:\Users\kso00\Desktop\22년 1학기\윈플\windowsPrograming\Win_Proj_Ch_5\Prob5-3\Prob5-3.c(420,73): warning C4244: '함수': 'double'에서 'int'(으)로 변환하면서 데이터가 손실될 수 있습니다.
C:\Users\kso00\Desktop\22년 1학기\윈플\windowsPrograming\Win_Proj_Ch_5\Prob5-3\Prob5-3.c(425,86): warning C4244: '함수': 'double'에서 'int'(으)로 변환하면서 데이터가 손실될 수 있습니다.
C:\Users\kso00\Desktop\22년 1학기\윈플\windowsPrograming\Win_Proj_Ch_5\Prob5-3\Prob5-3.c(425,103): warning C4244: '함수': 'double'에서 'int'(으)로 변환하면서 데이터가 손실될 수 있습니다.
C:\Users\kso00\Desktop\22년 1학기\윈플\windowsPrograming\Win_Proj_Ch_5\Prob5-3\Prob5-3.c(435,52): warning C4244: '=': 'double'에서 'int'(으)로 변환하면서 데이터가 손실될 수 있습니다.
C:\Users\kso00\Desktop\22년 1학기\윈플\windowsPrograming\Win_Proj_Ch_5\Prob5-3\Prob5-3.c(436,30): warning C4244: '=': 'double'에서 'int'(으)로 변환하면서 데이터가 손실될 수 있습니다.
C:\Users\kso00\Desktop\22년 1학기\윈플\windowsPrograming\Win_Proj_Ch_5\Prob5-3\Prob5-3.c(440,52): warning C4244: '=': 'double'에서 'int'(으)로 변환하면서 데이터가 손실될 수 있습니다.
C:\Users\kso00\Desktop\22년 1학기\윈플\windowsPrograming\Win_Proj_Ch_5\Prob5-3\Prob5-3.c(441,30): warning C4244: '=': 'double'에서 'int'(으)로 변환하면서 데이터가 손실될 수 있습니다.
C:\Users\kso00\Desktop\22년 1학기\윈플\windowsPrograming\Win_Proj_Ch_5\Prob5-3\Prob5-3.c(444,67): warning C4244: '함수': 'double'에서 'int'(으)로 변환하면서 데이터가 손실될 수 있습니다.
C:\Users\kso00\Desktop\22년 1학기\윈플\windowsPrograming\Win_Proj_Ch_5\Prob5-3\Prob5-3.c(444,84): warning C4244: '함수': 'double'에서 'int'(으)로 변환하면서 데이터가 손실될 수 있습니다.
C:\Users\kso00\Desktop\22년 1학기\윈플\windowsPrograming\Win_Proj_Ch_5\Prob5-3\Prob5-3.c(449,53): warning C4244: '=': 'double'에서 'LONG'(으)로 변환하면서 데이터가 손실될 수 있습니다.
C:\Users\kso00\Desktop\22년 1학기\윈플\windowsPrograming\Win_Proj_Ch_5\Prob5-3\Prob5-3.c(450,54): warning C4244: '=': 'double'에서 'LONG'(으)로 변환하면서 데이터가 손실될 수 있습니다.
C:\Users\kso00\Desktop\22년 1학기\윈플\windowsPrograming\Win_Proj_Ch_5\Prob5-3\Prob5-3.c(451,80): warning C4133: '함수': 'HPEN'과(와) 'HBRUSH' 사이의 형식이 호환되지 않습니다.
C:\Users\kso00\Desktop\22년 1학기\윈플\windowsPrograming\Win_Proj_Ch_5\Prob5-3\Prob5-3.c(431,39): warning C4244: '초기화 중': 'double'에서 'int'(으)로 변환하면서 데이터가 손실될 수 있습니다.
C:\Users\kso00\Desktop\22년 1학기\윈플\windowsPrograming\Win_Proj_Ch_5\Prob5-3\Prob5-3.c(432,39): warning C4244: '초기화 중': 'double'에서 'int'(으)로 변환하면서 데이터가 손실될 수 있습니다.
C:\Users\kso00\Desktop\22년 1학기\윈플\windowsPrograming\Win_Proj_Ch_5\Prob5-3\Prob5-3.c(84,24): warning C4101: 'oldBitmap' :참조되지 않은 지역 변수입니다.
  Prob5-3.vcxproj -> C:\Users\kso00\Desktop\22년 1학기\윈플\windowsPrograming\Win_Proj_Ch_5\x64\Debug\Prob5-3.exe
