  prob01-menu.c
C:\Users\kso00\OneDrive\바탕 화면\학교\윈플\windowsPrograming\Win_Proj_03\Prob1\prob01-menu.c(123,19): warning C4244: 'return': 'WPARAM'에서 'int'(으)로 변환하면서 데이터가 손실될 수 있습니다.
C:\Users\kso00\OneDrive\바탕 화면\학교\윈플\windowsPrograming\Win_Proj_03\Prob1\prob01-menu.c(167,19): warning C4244: '함수': 'time_t'에서 'unsigned int'(으)로 변환하면서 데이터가 손실될 수 있습니다.
C:\Users\kso00\OneDrive\바탕 화면\학교\윈플\windowsPrograming\Win_Proj_03\Prob1\prob01-menu.c(354,45): warning C4020: 'KillTimer': 실제 매개 변수가 너무 많습니다.
C:\Users\kso00\OneDrive\바탕 화면\학교\윈플\windowsPrograming\Win_Proj_03\Prob1\prob01-menu.c(359,45): warning C4020: 'KillTimer': 실제 매개 변수가 너무 많습니다.
C:\Users\kso00\OneDrive\바탕 화면\학교\윈플\windowsPrograming\Win_Proj_03\Prob1\prob01-menu.c(617,45): warning C4020: 'KillTimer': 실제 매개 변수가 너무 많습니다.
C:\Users\kso00\OneDrive\바탕 화면\학교\윈플\windowsPrograming\Win_Proj_03\Prob1\prob01-menu.c(618,45): warning C4020: 'KillTimer': 실제 매개 변수가 너무 많습니다.
C:\Users\kso00\OneDrive\바탕 화면\학교\윈플\windowsPrograming\Win_Proj_03\Prob1\prob01-menu.c(619,42): warning C4020: 'KillTimer': 실제 매개 변수가 너무 많습니다.
C:\Users\kso00\OneDrive\바탕 화면\학교\윈플\windowsPrograming\Win_Proj_03\Prob1\prob01-menu.c(628,45): warning C4020: 'KillTimer': 실제 매개 변수가 너무 많습니다.
C:\Users\kso00\OneDrive\바탕 화면\학교\윈플\windowsPrograming\Win_Proj_03\Prob1\prob01-menu.c(629,45): warning C4020: 'KillTimer': 실제 매개 변수가 너무 많습니다.
C:\Users\kso00\OneDrive\바탕 화면\학교\윈플\windowsPrograming\Win_Proj_03\Prob1\prob01-menu.c(630,42): warning C4020: 'KillTimer': 실제 매개 변수가 너무 많습니다.
C:\Users\kso00\OneDrive\바탕 화면\학교\윈플\windowsPrograming\Win_Proj_03\Prob1\prob01-menu.c(639,45): warning C4020: 'KillTimer': 실제 매개 변수가 너무 많습니다.
C:\Users\kso00\OneDrive\바탕 화면\학교\윈플\windowsPrograming\Win_Proj_03\Prob1\prob01-menu.c(640,45): warning C4020: 'KillTimer': 실제 매개 변수가 너무 많습니다.
C:\Users\kso00\OneDrive\바탕 화면\학교\윈플\windowsPrograming\Win_Proj_03\Prob1\prob01-menu.c(641,42): warning C4020: 'KillTimer': 실제 매개 변수가 너무 많습니다.
C:\Users\kso00\OneDrive\바탕 화면\학교\윈플\windowsPrograming\Win_Proj_03\Prob1\prob01-menu.c(761,31): warning C4133: '함수': 'HPEN'과(와) 'HBRUSH' 사이의 형식이 호환되지 않습니다.
C:\Users\kso00\OneDrive\바탕 화면\학교\윈플\windowsPrograming\Win_Proj_03\Prob1\prob01-menu.c(764,33): warning C4244: '함수': 'float'에서 'int'(으)로 변환하면서 데이터가 손실될 수 있습니다.
C:\Users\kso00\OneDrive\바탕 화면\학교\윈플\windowsPrograming\Win_Proj_03\Prob1\prob01-menu.c(765,31): warning C4244: '함수': 'float'에서 'int'(으)로 변환하면서 데이터가 손실될 수 있습니다.
C:\Users\kso00\OneDrive\바탕 화면\학교\윈플\windowsPrograming\Win_Proj_03\Prob1\prob01-menu.c(766,43): warning C4244: '함수': 'float'에서 'int'(으)로 변환하면서 데이터가 손실될 수 있습니다.
C:\Users\kso00\OneDrive\바탕 화면\학교\윈플\windowsPrograming\Win_Proj_03\Prob1\prob01-menu.c(767,42): warning C4244: '함수': 'float'에서 'int'(으)로 변환하면서 데이터가 손실될 수 있습니다.
C:\Users\kso00\OneDrive\바탕 화면\학교\윈플\windowsPrograming\Win_Proj_03\Prob1\prob01-menu.c(760,45): warning C4244: '초기화 중': 'LONG'에서 'float'(으)로 변환하면서 데이터가 손실될 수 있습니다.
C:\Users\kso00\OneDrive\바탕 화면\학교\윈플\windowsPrograming\Win_Proj_03\Prob1\prob01-menu.c(847,47): warning C4133: '함수': '_NODE *'과(와) 'CIRCLE *' 사이의 형식이 호환되지 않습니다.
C:\Users\kso00\OneDrive\바탕 화면\학교\윈플\windowsPrograming\Win_Proj_03\Prob1\prob01-menu.c(871,55): warning C4133: '함수': '_NODE *'과(와) 'CIRCLE *' 사이의 형식이 호환되지 않습니다.
C:\Users\kso00\OneDrive\바탕 화면\학교\윈플\windowsPrograming\Win_Proj_03\Prob1\prob01-menu.c(1054,43): warning C4133: '함수': '_NODE *'과(와) 'CIRCLE *' 사이의 형식이 호환되지 않습니다.
  Prob1.vcxproj -> C:\Users\kso00\OneDrive\바탕 화면\학교\윈플\windowsPrograming\Win_Proj_03\x64\Debug\Prob1.exe
